# JRE version: Java(TM) SE Runtime Environment (12.0.2+10) (build 12.0.2+10)
# Java VM: Java HotSpot(TM) 64-Bit Server VM (12.0.2+10, mixed mode, sharing, tiered, compressed oops, g1 gc, windows-amd64)
Heap:
 garbage-first heap   total 261120K, used 153821K [0x0000000741400000, 0x0000000800000000)
  region size 1024K, 5 young (5120K), 3 survivors (3072K)
 Metaspace       used 69807K, capacity 72448K, committed 72780K, reserved 1112064K
  class space    used 9401K, capacity 10495K, committed 10624K, reserved 1048576K
GC Heap History (10 events):
Event: 9.645 GC heap before
{Heap before GC invocations=22 (full 0):
 garbage-first heap   total 191488K, used 150275K [0x0000000741400000, 0x0000000800000000)
  region size 1024K, 47 young (48128K), 5 survivors (5120K)
 Metaspace       used 59750K, capacity 62071K, committed 62284K, reserved 1101824K
  class space    used 8076K, capacity 9060K, committed 9088K, reserved 1048576K
}
Event: 9.656 GC heap after
{Heap after GC invocations=23 (full 0):
 garbage-first heap   total 191488K, used 109903K [0x0000000741400000, 0x0000000800000000)
  region size 1024K, 6 young (6144K), 6 survivors (6144K)
 Metaspace       used 59750K, capacity 62071K, committed 62284K, reserved 1101824K
  class space    used 8076K, capacity 9060K, committed 9088K, reserved 1048576K
}
Event: 10.057 GC heap before
{Heap before GC invocations=23 (full 0):
 garbage-first heap   total 191488K, used 158031K [0x0000000741400000, 0x0000000800000000)
  region size 1024K, 53 young (54272K), 6 survivors (6144K)
 Metaspace       used 62150K, capacity 64576K, committed 64844K, reserved 1103872K
  class space    used 8472K, capacity 9487K, committed 9600K, reserved 1048576K
}
Event: 10.068 GC heap after
{Heap after GC invocations=24 (full 0):
 garbage-first heap   total 230400K, used 112099K [0x0000000741400000, 0x0000000800000000)
  region size 1024K, 5 young (5120K), 5 survivors (5120K)
 Metaspace       used 62150K, capacity 64576K, committed 64844K, reserved 1103872K
  class space    used 8472K, capacity 9487K, committed 9600K, reserved 1048576K
}
Event: 10.767 GC heap before
{Heap before GC invocations=25 (full 0):
 garbage-first heap   total 230400K, used 174563K [0x0000000741400000, 0x0000000800000000)
  region size 1024K, 66 young (67584K), 5 survivors (5120K)
 Metaspace       used 68671K, capacity 71235K, committed 71500K, reserved 1110016K
  class space    used 9254K, capacity 10321K, committed 10368K, reserved 1048576K
}
Event: 10.781 GC heap after
{Heap after GC invocations=26 (full 0):
 garbage-first heap   total 230400K, used 116358K [0x0000000741400000, 0x0000000800000000)
  region size 1024K, 7 young (7168K), 7 survivors (7168K)
 Metaspace       used 68671K, capacity 71235K, committed 71500K, reserved 1110016K
  class space    used 9254K, capacity 10321K, committed 10368K, reserved 1048576K
}
Event: 12.326 GC heap before
{Heap before GC invocations=26 (full 0):
 garbage-first heap   total 230400K, used 141958K [0x0000000741400000, 0x0000000800000000)
  region size 1024K, 33 young (33792K), 7 survivors (7168K)
 Metaspace       used 69786K, capacity 72466K, committed 72780K, reserved 1112064K
  class space    used 9395K, capacity 10498K, committed 10624K, reserved 1048576K
}
Event: 12.335 GC heap after
{Heap after GC invocations=27 (full 0):
 garbage-first heap   total 230400K, used 117273K [0x0000000741400000, 0x0000000800000000)
  region size 1024K, 6 young (6144K), 6 survivors (6144K)
 Metaspace       used 69786K, capacity 72466K, committed 72780K, reserved 1112064K
  class space    used 9395K, capacity 10498K, committed 10624K, reserved 1048576K
}
Event: 17.348 GC heap before
{Heap before GC invocations=28 (full 0):
 garbage-first heap   total 230400K, used 140825K [0x0000000741400000, 0x0000000800000000)
  region size 1024K, 13 young (13312K), 6 survivors (6144K)
 Metaspace       used 69807K, capacity 72448K, committed 72780K, reserved 1112064K
  class space    used 9401K, capacity 10495K, committed 10624K, reserved 1048576K
}
Event: 17.357 GC heap after
{Heap after GC invocations=29 (full 0):
 garbage-first heap   total 230400K, used 135389K [0x0000000741400000, 0x0000000800000000)
  region size 1024K, 3 young (3072K), 3 survivors (3072K)
 Metaspace       used 69807K, capacity 72448K, committed 72780K, reserved 1112064K
  class space    used 9401K, capacity 10495K, committed 10624K, reserved 1048576K
}

