# JRE version: Java(TM) SE Runtime Environment (12.0.2+10) (build 12.0.2+10)
# Java VM: Java HotSpot(TM) 64-Bit Server VM (12.0.2+10, mixed mode, sharing, tiered, compressed oops, g1 gc, windows-amd64)
Heap:
 garbage-first heap   total 229376K, used 134911K [0x0000000741400000, 0x0000000800000000)
  region size 1024K, 8 young (8192K), 6 survivors (6144K)
 Metaspace       used 69788K, capacity 72451K, committed 72780K, reserved 1112064K
  class space    used 9398K, capacity 10497K, committed 10624K, reserved 1048576K
GC Heap History (10 events):
Event: 9.588 GC heap before
{Heap before GC invocations=22 (full 0):
 garbage-first heap   total 142336K, used 92265K [0x0000000741400000, 0x0000000800000000)
  region size 1024K, 25 young (25600K), 3 survivors (3072K)
 Metaspace       used 57420K, capacity 59600K, committed 59852K, reserved 1099776K
  class space    used 7750K, capacity 8684K, committed 8704K, reserved 1048576K
}
Event: 9.595 GC heap after
{Heap after GC invocations=23 (full 0):
 garbage-first heap   total 142336K, used 72302K [0x0000000741400000, 0x0000000800000000)
  region size 1024K, 5 young (5120K), 5 survivors (5120K)
 Metaspace       used 57420K, capacity 59600K, committed 59852K, reserved 1099776K
  class space    used 7750K, capacity 8684K, committed 8704K, reserved 1048576K
}
Event: 9.955 GC heap before
{Heap before GC invocations=24 (full 0):
 garbage-first heap   total 189440K, used 141934K [0x0000000741400000, 0x0000000800000000)
  region size 1024K, 39 young (39936K), 5 survivors (5120K)
 Metaspace       used 59477K, capacity 61777K, committed 62028K, reserved 1101824K
  class space    used 8041K, capacity 9029K, committed 9088K, reserved 1048576K
}
Event: 9.966 GC heap after
{Heap after GC invocations=25 (full 0):
 garbage-first heap   total 189440K, used 109261K [0x0000000741400000, 0x0000000800000000)
  region size 1024K, 4 young (4096K), 4 survivors (4096K)
 Metaspace       used 59477K, capacity 61777K, committed 62028K, reserved 1101824K
  class space    used 8041K, capacity 9029K, committed 9088K, reserved 1048576K
}
Event: 10.338 GC heap before
{Heap before GC invocations=25 (full 0):
 garbage-first heap   total 189440K, used 151245K [0x0000000741400000, 0x0000000800000000)
  region size 1024K, 45 young (46080K), 4 survivors (4096K)
 Metaspace       used 61457K, capacity 63811K, committed 63820K, reserved 1103872K
  class space    used 8332K, capacity 9341K, committed 9344K, reserved 1048576K
}
Event: 10.348 GC heap after
{Heap after GC invocations=26 (full 0):
 garbage-first heap   total 227328K, used 111286K [0x0000000741400000, 0x0000000800000000)
  region size 1024K, 5 young (5120K), 5 survivors (5120K)
 Metaspace       used 61457K, capacity 63811K, committed 63820K, reserved 1103872K
  class space    used 8332K, capacity 9341K, committed 9344K, reserved 1048576K
}
Event: 10.912 GC heap before
{Heap before GC invocations=27 (full 0):
 garbage-first heap   total 227328K, used 167606K [0x0000000741400000, 0x0000000800000000)
  region size 1024K, 60 young (61440K), 5 survivors (5120K)
 Metaspace       used 66638K, capacity 69190K, committed 69452K, reserved 1107968K
  class space    used 8982K, capacity 10046K, committed 10112K, reserved 1048576K
}
Event: 10.925 GC heap after
{Heap after GC invocations=28 (full 0):
 garbage-first heap   total 227328K, used 115271K [0x0000000741400000, 0x0000000800000000)
  region size 1024K, 8 young (8192K), 8 survivors (8192K)
 Metaspace       used 66638K, capacity 69190K, committed 69452K, reserved 1107968K
  class space    used 8982K, capacity 10046K, committed 10112K, reserved 1048576K
}
Event: 12.684 GC heap before
{Heap before GC invocations=28 (full 0):
 garbage-first heap   total 227328K, used 160327K [0x0000000741400000, 0x0000000800000000)
  region size 1024K, 53 young (54272K), 8 survivors (8192K)
 Metaspace       used 69785K, capacity 72457K, committed 72780K, reserved 1112064K
  class space    used 9398K, capacity 10498K, committed 10624K, reserved 1048576K
}
Event: 12.695 GC heap after
{Heap after GC invocations=29 (full 0):
 garbage-first heap   total 227328K, used 116479K [0x0000000741400000, 0x0000000800000000)
  region size 1024K, 6 young (6144K), 6 survivors (6144K)
 Metaspace       used 69785K, capacity 72457K, committed 72780K, reserved 1112064K
  class space    used 9398K, capacity 10498K, committed 10624K, reserved 1048576K
}

